\BOOKMARK [1][]{section.1}{\376\377\116\000\060\001\000\040\225\356\230\230\221\315\217\360\116\016\122\006\147\220}{}% 1
\BOOKMARK [2][]{subsection.1.1}{\376\377\0001\000.\0001\000\040\225\356\230\230\116\000}{section.1}% 2
\BOOKMARK [2][]{subsection.1.2}{\376\377\0001\000.\0002\000\040\225\356\230\230\116\214}{section.1}% 3
\BOOKMARK [2][]{subsection.1.3}{\376\377\0001\000.\0003\000\040\225\356\230\230\116\011}{section.1}% 4
\BOOKMARK [2][]{subsection.1.4}{\376\377\0001\000.\0004\000\040\225\356\230\230\126\333}{section.1}% 5
\BOOKMARK [1][]{section.2}{\376\377\116\214\060\001\000\040\152\041\127\213\120\107\213\276}{}% 6
\BOOKMARK [1][]{section.3}{\376\377\116\011\060\001\000\040\173\046\123\367\213\364\146\016\116\016\123\125\117\115\122\066}{}% 7
\BOOKMARK [1][]{section.4}{\376\377\126\333\060\001\000\040\152\041\127\213\136\372\172\313\116\016\154\102\211\343}{}% 8
\BOOKMARK [2][]{subsection.4.1}{\376\377\0004\000.\0001\000\040\225\356\230\230\116\000}{section.4}% 9
\BOOKMARK [3][]{subsubsection.4.1.1}{\376\377\0004\000.\0001\000.\0001\000\040\211\206\166\326\133\275\136\246\000W\121\154\137\017\143\250\133\374}{subsection.4.1}% 10
\BOOKMARK [3][]{subsubsection.4.1.2}{\376\377\0004\000.\0001\000.\0002\000\040\166\370\220\273\147\141\136\046\116\113\225\364\221\315\123\340\163\207\121\154\137\017\143\250\133\374}{subsection.4.1}% 11
\BOOKMARK [3][]{subsubsection.4.1.3}{\376\377\0004\000.\0001\000.\0003\000\040\124\004\155\113\176\277\154\064\155\361\121\154\137\017\143\250\133\374}{subsection.4.1}% 12
\BOOKMARK [3][]{subsubsection.4.1.4}{\376\377\0004\000.\0001\000.\0004\000\040\225\356\230\230\154\102\211\343}{subsection.4.1}% 13
\BOOKMARK [3][]{subsubsection.4.1.5}{\376\377\0004\000.\0001\000.\0005\000\040\176\323\147\234\122\006\147\220}{subsection.4.1}% 14
\BOOKMARK [2][]{subsection.4.2}{\376\377\0004\000.\0002\000\040\225\356\230\230\116\214}{section.4}% 15
\BOOKMARK [3][]{subsubsection.4.2.1}{\376\377\0004\000.\0002\000.\0001\000\040\152\041\127\213\136\372\172\313}{subsection.4.2}% 16
\BOOKMARK [3][]{subsubsection.4.2.2}{\376\377\0004\000.\0002\000.\0002\000\040\213\345\167\351\137\142\155\167\127\337\121\205\155\113\160\271\154\064\155\361\121\154\137\017\143\250\133\374}{subsection.4.2}% 17
\BOOKMARK [3][]{subsubsection.4.2.3}{\376\377\0004\000.\0002\000.\0003\000\040\213\345\167\351\137\142\155\167\127\337\121\205\155\113\160\271\155\113\155\361\211\206\166\326\133\275\136\246\143\250\133\374}{subsection.4.2}% 18
\BOOKMARK [3][]{subsubsection.4.2.4}{\376\377\0004\000.\0002\000.\0004\000\040\152\041\127\213\154\102\211\343}{subsection.4.2}% 19
\BOOKMARK [3][]{subsubsection.4.2.5}{\376\377\0004\000.\0002\000.\0005\000\040\176\323\147\234\122\006\147\220}{subsection.4.2}% 20
\BOOKMARK [2][]{subsection.4.3}{\376\377\0004\000.\0003\000\040\225\356\230\230\116\011}{section.4}% 21
\BOOKMARK [3][]{subsubsection.4.3.1}{\376\377\0004\000.\0003\000.\0001\000\040\152\041\127\213\136\372\172\313\116\016\143\250\133\374}{subsection.4.3}% 22
\BOOKMARK [3][]{subsubsection.4.3.2}{\376\377\0004\000.\0003\000.\0002\000\040\176\246\147\137\147\141\116\366\116\016\117\030\123\026\152\041\127\213}{subsection.4.3}% 23
\BOOKMARK [3][]{subsubsection.4.3.3}{\376\377\0004\000.\0003\000.\0003\000\040\152\041\127\213\154\102\211\343}{subsection.4.3}% 24
\BOOKMARK [3][]{subsubsection.4.3.4}{\376\377\0004\000.\0003\000.\0004\000\040\176\323\147\234\122\006\147\220}{subsection.4.3}% 25
\BOOKMARK [2][]{subsection.4.4}{\376\377\0004\000.\0004\000\040\225\356\230\230\126\333}{section.4}% 26
\BOOKMARK [3][]{subsubsection.4.4.1}{\376\377\0004\000.\0004\000.\0001\000\040\127\060\137\142\127\141\136\246\166\204\136\372\152\041\145\271\154\325}{subsection.4.4}% 27
\BOOKMARK [3][]{subsubsection.4.4.2}{\376\377\0004\000.\0004\000.\0002\000\040\000K\000r\000i\000g\000i\000n\000g\177\121\150\074\123\026\116\016\155\113\176\277\166\204\170\156\172\313}{subsection.4.4}% 28
\BOOKMARK [3][]{subsubsection.4.4.3}{\376\377\0004\000.\0004\000.\0003\000\040\152\041\127\213\154\102\211\343}{subsection.4.4}% 29
\BOOKMARK [3][]{subsubsection.4.4.4}{\376\377\0004\000.\0004\000.\0004\000\040\176\323\147\234\122\006\147\220}{subsection.4.4}% 30
\BOOKMARK [1][]{section.5}{\376\377\116\224\060\001\000\040\152\041\127\213\166\204\122\006\147\220\116\016\150\300\232\214}{}% 31
\BOOKMARK [2][]{subsection.5.1}{\376\377\0005\000.\0001\000\040\152\041\127\213\166\204\123\357\210\114\140\047\150\300\232\214}{section.5}% 32
\BOOKMARK [2][]{subsection.5.2}{\376\377\0005\000.\0002\000\040\152\041\127\213\123\357\227\140\140\047\150\300\232\214}{section.5}% 33
\BOOKMARK [3][]{subsubsection.5.2.1}{\376\377\0005\000.\0002\000.\0001\000\040\166\370\133\371\174\276\136\246\213\304\117\060\145\271\154\325}{subsection.5.2}% 34
\BOOKMARK [3][]{subsubsection.5.2.2}{\376\377\0005\000.\0002\000.\0002\000\040\176\335\133\371\174\276\136\246\213\304\117\060\145\271\154\325}{subsection.5.2}% 35
\BOOKMARK [1][]{section.6}{\376\377\121\155\060\001\000\040\152\041\127\213\213\304\116\367}{}% 36
\BOOKMARK [2][]{subsection.6.1}{\376\377\0006\000.\0001\000\040\152\041\127\213\117\030\160\271}{section.6}% 37
\BOOKMARK [2][]{subsection.6.2}{\376\377\0006\000.\0002\000\040\152\041\127\213\177\072\160\271\116\016\145\071\217\333}{section.6}% 38
\BOOKMARK [3][]{subsubsection.6.2.1}{\376\377\0006\000.\0002\000.\0001\000\040\133\232\117\115\145\366\225\364\136\366\217\337\122\006\147\220\116\016\145\071\217\333}{subsection.6.2}% 39
\BOOKMARK [3][]{subsubsection.6.2.2}{\376\377\0006\000.\0002\000.\0002\000\040\152\052\144\107\116\016\176\265\120\076\166\204\154\342\155\152\122\006\147\220\116\016\145\071\217\333}{subsection.6.2}% 40
\BOOKMARK [3][]{subsubsection.6.2.3}{\376\377\0006\000.\0002\000.\0003\000\040\157\156\117\115\122\006\147\220\116\016\145\071\217\333}{subsection.6.2}% 41
\BOOKMARK [2][]{subsection.6.3}{\376\377\0006\000.\0003\000\040\152\041\127\213\143\250\136\177}{section.6}% 42
\BOOKMARK [1][]{section*.21}{\376\377\123\302\200\003\145\207\163\056}{}% 43
\BOOKMARK [1][]{appendix.a.A}{\376\377\226\104\137\125\000\040\000A\000\040\145\057\144\221\147\120\145\231\145\207\116\366\122\027\210\150}{}% 44
\BOOKMARK [1][]{appendix.a.B}{\376\377\226\104\137\125\000\040\000B\000\040\176\323\147\234\134\125\171\072}{}% 45
\BOOKMARK [1][]{appendix.a.C}{\376\377\226\104\137\125\000\040\000C\000\040\150\070\137\303\116\343\170\001}{}% 46
